<?xml version="1.0" encoding="UTF-8"?>
<!-- Generated by org.testng.reporters.JUnitReportReporter -->
<testsuite name="com.testng.features.Simple_Annotations" tests="3" time="0.010" ignored="0" failures="0" timestamp="19 Nov 2021 15:07:21 GMT" skipped="0" hostname="LAPTOP-RU5PQFBC" errors="0">
  <testcase name="women" time="0.000" classname="com.testng.features.Simple_Annotations"/>
  <testcase name="dresses" time="0.010" classname="com.testng.features.Simple_Annotations"/>
  <testcase name="tshirts" time="0.000" classname="com.testng.features.Simple_Annotations"/>
</testsuite> <!-- com.testng.features.Simple_Annotations -->
